<?xml version="1.0" encoding="UTF-8"?>
<testng-results ignored="0" total="2" passed="2" failed="0" skipped="0">
  <reporter-output>
  </reporter-output>
  <suite started-at="2024-08-23T09:57:49 IST" name="Default suite" finished-at="2024-08-23T09:57:50 IST" duration-ms="1153">
    <groups>
      <group name="cucumber">
        <method signature="AbstractTestNGCucumberTests.runScenario(io.cucumber.testng.PickleWrapper,io.cucumber.testng.FeatureWrapper)[pri:0, instance:CucumberRunner.TestNGRunner@6743e411]" name="runScenario" class="io.cucumber.testng.AbstractTestNGCucumberTests"/>
      </group> <!-- cucumber -->
    </groups>
    <test started-at="2024-08-23T09:57:49 IST" name="Default test" finished-at="2024-08-23T09:57:50 IST" duration-ms="1153">
      <class name="CucumberRunner.TestNGRunner">
        <test-method is-config="true" signature="setUpClass(org.testng.ITestContext)[pri:0, instance:CucumberRunner.TestNGRunner@6743e411]" started-at="2024-08-23T09:57:49 IST" name="setUpClass" finished-at="2024-08-23T09:57:50 IST" duration-ms="871" status="PASS">
          <params>
            <param index="0">
              <value>
                <![CDATA[org.testng.TestRunner@649f2009]]>
              </value>
            </param>
          </params>
          <reporter-output>
          </reporter-output>
        </test-method> <!-- setUpClass -->
        <test-method signature="runScenario(io.cucumber.testng.PickleWrapper,io.cucumber.testng.FeatureWrapper)[pri:0, instance:CucumberRunner.TestNGRunner@6743e411]" started-at="2024-08-23T09:57:50 IST" name="runScenario" description="Runs Cucumber Scenarios" data-provider="scenarios" finished-at="2024-08-23T09:57:50 IST" duration-ms="125" status="PASS">
          <params>
            <param index="0">
              <value>
                <![CDATA["Admin Page Default Login"]]>
              </value>
            </param>
            <param index="1">
              <value>
                <![CDATA["ATTPL EMS Services"]]>
              </value>
            </param>
          </params>
          <reporter-output>
          </reporter-output>
        </test-method> <!-- runScenario -->
        <test-method signature="runScenario(io.cucumber.testng.PickleWrapper,io.cucumber.testng.FeatureWrapper)[pri:0, instance:CucumberRunner.TestNGRunner@6743e411]" started-at="2024-08-23T09:57:50 IST" name="runScenario" description="Runs Cucumber Scenarios" data-provider="scenarios" finished-at="2024-08-23T09:57:50 IST" duration-ms="31" status="PASS">
          <params>
            <param index="0">
              <value>
                <![CDATA["Admin Creates a New Election"]]>
              </value>
            </param>
            <param index="1">
              <value>
                <![CDATA["ATTPL EMS Services"]]>
              </value>
            </param>
          </params>
          <reporter-output>
          </reporter-output>
        </test-method> <!-- runScenario -->
        <test-method is-config="true" signature="tearDownClass()[pri:0, instance:CucumberRunner.TestNGRunner@6743e411]" started-at="2024-08-23T09:57:50 IST" name="tearDownClass" finished-at="2024-08-23T09:57:50 IST" duration-ms="61" status="PASS">
          <reporter-output>
          </reporter-output>
        </test-method> <!-- tearDownClass -->
      </class> <!-- CucumberRunner.TestNGRunner -->
    </test> <!-- Default test -->
  </suite> <!-- Default suite -->
</testng-results>
